<?xml version="1.0" encoding="UTF-8"?>
<!-- Generated by org.testng.reporters.JUnitXMLReporter -->
<testsuite hostname="DIIVISHARAN" ignored="0" name="Default test" tests="4" failures="0" timestamp="2022-01-27T09:20:14 IST" time="52.384" errors="0">
  <testcase name="createRequest" time="13.134" classname="selectclassmethods.TC_Support_001"/>
  <testcase name="createRequest" time="10.456" classname="selectclassmethods.TC_Support_001"/>
  <testcase name="createRequest" time="17.945" classname="selectclassmethods.TC_Support_001"/>
  <testcase name="createRequest" time="10.801" classname="selectclassmethods.TC_Support_001"/>
</testsuite> <!-- Default test -->
